This file contains any messages produced by compilers while
running configure, to aid debugging if configure makes a mistake.

It was created by GNU C Runtime Library configure 1.0, which was
generated by GNU Autoconf 2.64.  Invocation command line was

  $ /home/cpt/src/gcc-4.7.2/libgcc/configure --cache-file=./config.cache --enable-multilib --with-cross-host=x86_64-unknown-linux-gnu --prefix=/home/cpt/opt/cross --disable-nls --without-headers --enable-languages=c,c++,lto --program-transform-name=s&^&i686-elf-& --disable-option-checking --with-target-subdir=i686-elf --build=x86_64-unknown-linux-gnu --host=i686-elf --target=i686-elf --srcdir=../../../gcc-4.7.2/libgcc

## --------- ##
## Platform. ##
## --------- ##

hostname = a1rforce
uname -m = x86_64
uname -r = 3.13.0-32-generic
uname -s = Linux
uname -v = #57-Ubuntu SMP Tue Jul 15 03:51:08 UTC 2014

/usr/bin/uname -p = unknown
/bin/uname -X     = unknown

/bin/arch              = unknown
/usr/bin/arch -k       = unknown
/usr/convex/getsysinfo = unknown
/usr/bin/hostinfo      = unknown
/bin/machine           = unknown
/usr/bin/oslevel       = unknown
/bin/universe          = unknown

PATH: /usr/local/heroku/bin
PATH: /usr/local/sbin
PATH: /usr/local/bin
PATH: /usr/sbin
PATH: /usr/bin
PATH: /sbin
PATH: /bin
PATH: /usr/games
PATH: /usr/local/games


## ----------- ##
## Core tests. ##
## ----------- ##

configure:1976: creating cache ./config.cache
configure:2144: checking build system type
configure:2158: result: x86_64-unknown-linux-gnu
configure:2178: checking host system type
configure:2191: result: i686-pc-elf
configure:2289: checking for --enable-version-specific-runtime-libs
configure:2302: result: no
configure:2350: checking for a BSD-compatible install
configure:2418: result: /usr/bin/install -c
configure:2434: checking for gawk
configure:2461: result: gawk
configure:2561: checking for i686-elf-ar
configure:2588: result: /home/cpt/opt/cross/i686-elf/bin/ar
configure:2653: checking for i686-elf-lipo
configure:2680: result: i686-elf-lipo
configure:2745: checking for i686-elf-nm
configure:2772: result: /home/cpt/src/build-gcc/./gcc/nm
configure:2837: checking for i686-elf-ranlib
configure:2864: result: /home/cpt/opt/cross/i686-elf/bin/ranlib
configure:2929: checking for i686-elf-strip
configure:2956: result: /home/cpt/opt/cross/i686-elf/bin/strip
configure:3018: checking whether ln -s works
configure:3022: result: yes
configure:3039: checking for i686-elf-gcc
configure:3066: result:  /home/cpt/src/build-gcc/./gcc/xgcc -B/home/cpt/src/build-gcc/./gcc/ -B/home/cpt/opt/cross/i686-elf/bin/ -B/home/cpt/opt/cross/i686-elf/lib/ -isystem /home/cpt/opt/cross/i686-elf/include -isystem /home/cpt/opt/cross/i686-elf/sys-include   
configure:3335: checking for C compiler version
configure:3344:  /home/cpt/src/build-gcc/./gcc/xgcc -B/home/cpt/src/build-gcc/./gcc/ -B/home/cpt/opt/cross/i686-elf/bin/ -B/home/cpt/opt/cross/i686-elf/lib/ -isystem /home/cpt/opt/cross/i686-elf/include -isystem /home/cpt/opt/cross/i686-elf/sys-include    --version >&5
xgcc (GCC) 4.7.2
Copyright (C) 2012 Free Software Foundation, Inc.
This is free software; see the source for copying conditions.  There is NO
warranty; not even for MERCHANTABILITY or FITNESS FOR A PARTICULAR PURPOSE.

configure:3355: $? = 0
configure:3344:  /home/cpt/src/build-gcc/./gcc/xgcc -B/home/cpt/src/build-gcc/./gcc/ -B/home/cpt/opt/cross/i686-elf/bin/ -B/home/cpt/opt/cross/i686-elf/lib/ -isystem /home/cpt/opt/cross/i686-elf/include -isystem /home/cpt/opt/cross/i686-elf/sys-include    -v >&5
Reading specs from /home/cpt/src/build-gcc/./gcc/specs
COLLECT_GCC=/home/cpt/src/build-gcc/./gcc/xgcc
COLLECT_LTO_WRAPPER=/home/cpt/src/build-gcc/./gcc/lto-wrapper
Target: i686-elf
Configured with: ../gcc-4.7.2/configure --prefix=/home/cpt/opt/cross --target=i686-elf --enable-languages=c,c++ --disable-nls --without-headers
Thread model: single
gcc version 4.7.2 (GCC) 
configure:3355: $? = 0
configure:3344:  /home/cpt/src/build-gcc/./gcc/xgcc -B/home/cpt/src/build-gcc/./gcc/ -B/home/cpt/opt/cross/i686-elf/bin/ -B/home/cpt/opt/cross/i686-elf/lib/ -isystem /home/cpt/opt/cross/i686-elf/include -isystem /home/cpt/opt/cross/i686-elf/sys-include    -V >&5
xgcc: error: unrecognized command line option '-V'
xgcc: fatal error: no input files
compilation terminated.
configure:3355: $? = 1
configure:3344:  /home/cpt/src/build-gcc/./gcc/xgcc -B/home/cpt/src/build-gcc/./gcc/ -B/home/cpt/opt/cross/i686-elf/bin/ -B/home/cpt/opt/cross/i686-elf/lib/ -isystem /home/cpt/opt/cross/i686-elf/include -isystem /home/cpt/opt/cross/i686-elf/sys-include    -qversion >&5
xgcc: error: unrecognized command line option '-qversion'
xgcc: fatal error: no input files
compilation terminated.
configure:3355: $? = 1
configure:3371:  /home/cpt/src/build-gcc/./gcc/xgcc -B/home/cpt/src/build-gcc/./gcc/ -B/home/cpt/opt/cross/i686-elf/bin/ -B/home/cpt/opt/cross/i686-elf/lib/ -isystem /home/cpt/opt/cross/i686-elf/include -isystem /home/cpt/opt/cross/i686-elf/sys-include    -o conftest -g -O2   conftest.c  >&5
/home/cpt/opt/cross/i686-elf/bin/ld: cannot find crt0.o: No such file or directory
/home/cpt/opt/cross/i686-elf/bin/ld: cannot find crtbegin.o: No such file or directory
/home/cpt/opt/cross/i686-elf/bin/ld: cannot find -lgcc
/home/cpt/opt/cross/i686-elf/bin/ld: cannot find -lg
/home/cpt/opt/cross/i686-elf/bin/ld: cannot find -lc
/home/cpt/opt/cross/i686-elf/bin/ld: cannot find -lgcc
/home/cpt/opt/cross/i686-elf/bin/ld: cannot find crtend.o: No such file or directory
collect2: error: ld returned 1 exit status
configure:3374: $? = 1
configure:3562: checking for suffix of object files
configure:3584:  /home/cpt/src/build-gcc/./gcc/xgcc -B/home/cpt/src/build-gcc/./gcc/ -B/home/cpt/opt/cross/i686-elf/bin/ -B/home/cpt/opt/cross/i686-elf/lib/ -isystem /home/cpt/opt/cross/i686-elf/include -isystem /home/cpt/opt/cross/i686-elf/sys-include    -c -g -O2  conftest.c >&5
configure:3588: $? = 0
configure:3609: result: o
configure:3613: checking whether we are using the GNU C compiler
configure:3632:  /home/cpt/src/build-gcc/./gcc/xgcc -B/home/cpt/src/build-gcc/./gcc/ -B/home/cpt/opt/cross/i686-elf/bin/ -B/home/cpt/opt/cross/i686-elf/lib/ -isystem /home/cpt/opt/cross/i686-elf/include -isystem /home/cpt/opt/cross/i686-elf/sys-include    -c -g -O2  conftest.c >&5
configure:3632: $? = 0
configure:3641: result: yes
configure:3650: checking whether  /home/cpt/src/build-gcc/./gcc/xgcc -B/home/cpt/src/build-gcc/./gcc/ -B/home/cpt/opt/cross/i686-elf/bin/ -B/home/cpt/opt/cross/i686-elf/lib/ -isystem /home/cpt/opt/cross/i686-elf/include -isystem /home/cpt/opt/cross/i686-elf/sys-include    accepts -g
configure:3670:  /home/cpt/src/build-gcc/./gcc/xgcc -B/home/cpt/src/build-gcc/./gcc/ -B/home/cpt/opt/cross/i686-elf/bin/ -B/home/cpt/opt/cross/i686-elf/lib/ -isystem /home/cpt/opt/cross/i686-elf/include -isystem /home/cpt/opt/cross/i686-elf/sys-include    -c -g  conftest.c >&5
configure:3670: $? = 0
configure:3711: result: yes
configure:3728: checking for  /home/cpt/src/build-gcc/./gcc/xgcc -B/home/cpt/src/build-gcc/./gcc/ -B/home/cpt/opt/cross/i686-elf/bin/ -B/home/cpt/opt/cross/i686-elf/lib/ -isystem /home/cpt/opt/cross/i686-elf/include -isystem /home/cpt/opt/cross/i686-elf/sys-include    option to accept ISO C89
configure:3792:  /home/cpt/src/build-gcc/./gcc/xgcc -B/home/cpt/src/build-gcc/./gcc/ -B/home/cpt/opt/cross/i686-elf/bin/ -B/home/cpt/opt/cross/i686-elf/lib/ -isystem /home/cpt/opt/cross/i686-elf/include -isystem /home/cpt/opt/cross/i686-elf/sys-include     -c -g -O2  conftest.c >&5
conftest.c:10:19: fatal error: stdio.h: No such file or directory
compilation terminated.
configure:3792: $? = 1
configure: failed program was:
| /* confdefs.h */
| #define PACKAGE_NAME "GNU C Runtime Library"
| #define PACKAGE_TARNAME "libgcc"
| #define PACKAGE_VERSION "1.0"
| #define PACKAGE_STRING "GNU C Runtime Library 1.0"
| #define PACKAGE_BUGREPORT ""
| #define PACKAGE_URL "http://www.gnu.org/software/libgcc/"
| /* end confdefs.h.  */
| #include <stdarg.h>
| #include <stdio.h>
| #include <sys/types.h>
| #include <sys/stat.h>
| /* Most of the following tests are stolen from RCS 5.7's src/conf.sh.  */
| struct buf { int x; };
| FILE * (*rcsopen) (struct buf *, struct stat *, int);
| static char *e (p, i)
|      char **p;
|      int i;
| {
|   return p[i];
| }
| static char *f (char * (*g) (char **, int), char **p, ...)
| {
|   char *s;
|   va_list v;
|   va_start (v,p);
|   s = g (p, va_arg (v,int));
|   va_end (v);
|   return s;
| }
| 
| /* OSF 4.0 Compaq cc is some sort of almost-ANSI by default.  It has
|    function prototypes and stuff, but not '\xHH' hex character constants.
|    These don't provoke an error unfortunately, instead are silently treated
|    as 'x'.  The following induces an error, until -std is added to get
|    proper ANSI mode.  Curiously '\x00'!='x' always comes out true, for an
|    array size at least.  It's necessary to write '\x00'==0 to get something
|    that's true only with -std.  */
| int osf4_cc_array ['\x00' == 0 ? 1 : -1];
| 
| /* IBM C 6 for AIX is almost-ANSI by default, but it replaces macro parameters
|    inside strings and character constants.  */
| #define FOO(x) 'x'
| int xlc6_cc_array[FOO(a) == 'x' ? 1 : -1];
| 
| int test (int i, double x);
| struct s1 {int (*f) (int a);};
| struct s2 {int (*f) (double a);};
| int pairnames (int, char **, FILE *(*)(struct buf *, struct stat *, int), int, int);
| int argc;
| char **argv;
| int
| main ()
| {
| return f (e, argv, 0) != argv[0]  ||  f (e, argv, 1) != argv[1];
|   ;
|   return 0;
| }
configure:3792:  /home/cpt/src/build-gcc/./gcc/xgcc -B/home/cpt/src/build-gcc/./gcc/ -B/home/cpt/opt/cross/i686-elf/bin/ -B/home/cpt/opt/cross/i686-elf/lib/ -isystem /home/cpt/opt/cross/i686-elf/include -isystem /home/cpt/opt/cross/i686-elf/sys-include    -qlanglvl=extc89 -c -g -O2  conftest.c >&5
xgcc: error: unrecognized command line option '-qlanglvl=extc89'
configure:3792: $? = 1
configure: failed program was:
| /* confdefs.h */
| #define PACKAGE_NAME "GNU C Runtime Library"
| #define PACKAGE_TARNAME "libgcc"
| #define PACKAGE_VERSION "1.0"
| #define PACKAGE_STRING "GNU C Runtime Library 1.0"
| #define PACKAGE_BUGREPORT ""
| #define PACKAGE_URL "http://www.gnu.org/software/libgcc/"
| /* end confdefs.h.  */
| #include <stdarg.h>
| #include <stdio.h>
| #include <sys/types.h>
| #include <sys/stat.h>
| /* Most of the following tests are stolen from RCS 5.7's src/conf.sh.  */
| struct buf { int x; };
| FILE * (*rcsopen) (struct buf *, struct stat *, int);
| static char *e (p, i)
|      char **p;
|      int i;
| {
|   return p[i];
| }
| static char *f (char * (*g) (char **, int), char **p, ...)
| {
|   char *s;
|   va_list v;
|   va_start (v,p);
|   s = g (p, va_arg (v,int));
|   va_end (v);
|   return s;
| }
| 
| /* OSF 4.0 Compaq cc is some sort of almost-ANSI by default.  It has
|    function prototypes and stuff, but not '\xHH' hex character constants.
|    These don't provoke an error unfortunately, instead are silently treated
|    as 'x'.  The following induces an error, until -std is added to get
|    proper ANSI mode.  Curiously '\x00'!='x' always comes out true, for an
|    array size at least.  It's necessary to write '\x00'==0 to get something
|    that's true only with -std.  */
| int osf4_cc_array ['\x00' == 0 ? 1 : -1];
| 
| /* IBM C 6 for AIX is almost-ANSI by default, but it replaces macro parameters
|    inside strings and character constants.  */
| #define FOO(x) 'x'
| int xlc6_cc_array[FOO(a) == 'x' ? 1 : -1];
| 
| int test (int i, double x);
| struct s1 {int (*f) (int a);};
| struct s2 {int (*f) (double a);};
| int pairnames (int, char **, FILE *(*)(struct buf *, struct stat *, int), int, int);
| int argc;
| char **argv;
| int
| main ()
| {
| return f (e, argv, 0) != argv[0]  ||  f (e, argv, 1) != argv[1];
|   ;
|   return 0;
| }
configure:3792:  /home/cpt/src/build-gcc/./gcc/xgcc -B/home/cpt/src/build-gcc/./gcc/ -B/home/cpt/opt/cross/i686-elf/bin/ -B/home/cpt/opt/cross/i686-elf/lib/ -isystem /home/cpt/opt/cross/i686-elf/include -isystem /home/cpt/opt/cross/i686-elf/sys-include    -qlanglvl=ansi -c -g -O2  conftest.c >&5
xgcc: error: unrecognized command line option '-qlanglvl=ansi'
configure:3792: $? = 1
configure: failed program was:
| /* confdefs.h */
| #define PACKAGE_NAME "GNU C Runtime Library"
| #define PACKAGE_TARNAME "libgcc"
| #define PACKAGE_VERSION "1.0"
| #define PACKAGE_STRING "GNU C Runtime Library 1.0"
| #define PACKAGE_BUGREPORT ""
| #define PACKAGE_URL "http://www.gnu.org/software/libgcc/"
| /* end confdefs.h.  */
| #include <stdarg.h>
| #include <stdio.h>
| #include <sys/types.h>
| #include <sys/stat.h>
| /* Most of the following tests are stolen from RCS 5.7's src/conf.sh.  */
| struct buf { int x; };
| FILE * (*rcsopen) (struct buf *, struct stat *, int);
| static char *e (p, i)
|      char **p;
|      int i;
| {
|   return p[i];
| }
| static char *f (char * (*g) (char **, int), char **p, ...)
| {
|   char *s;
|   va_list v;
|   va_start (v,p);
|   s = g (p, va_arg (v,int));
|   va_end (v);
|   return s;
| }
| 
| /* OSF 4.0 Compaq cc is some sort of almost-ANSI by default.  It has
|    function prototypes and stuff, but not '\xHH' hex character constants.
|    These don't provoke an error unfortunately, instead are silently treated
|    as 'x'.  The following induces an error, until -std is added to get
|    proper ANSI mode.  Curiously '\x00'!='x' always comes out true, for an
|    array size at least.  It's necessary to write '\x00'==0 to get something
|    that's true only with -std.  */
| int osf4_cc_array ['\x00' == 0 ? 1 : -1];
| 
| /* IBM C 6 for AIX is almost-ANSI by default, but it replaces macro parameters
|    inside strings and character constants.  */
| #define FOO(x) 'x'
| int xlc6_cc_array[FOO(a) == 'x' ? 1 : -1];
| 
| int test (int i, double x);
| struct s1 {int (*f) (int a);};
| struct s2 {int (*f) (double a);};
| int pairnames (int, char **, FILE *(*)(struct buf *, struct stat *, int), int, int);
| int argc;
| char **argv;
| int
| main ()
| {
| return f (e, argv, 0) != argv[0]  ||  f (e, argv, 1) != argv[1];
|   ;
|   return 0;
| }
configure:3792:  /home/cpt/src/build-gcc/./gcc/xgcc -B/home/cpt/src/build-gcc/./gcc/ -B/home/cpt/opt/cross/i686-elf/bin/ -B/home/cpt/opt/cross/i686-elf/lib/ -isystem /home/cpt/opt/cross/i686-elf/include -isystem /home/cpt/opt/cross/i686-elf/sys-include    -std -c -g -O2  conftest.c >&5
xgcc: error: unrecognized command line option '-std'
configure:3792: $? = 1
configure: failed program was:
| /* confdefs.h */
| #define PACKAGE_NAME "GNU C Runtime Library"
| #define PACKAGE_TARNAME "libgcc"
| #define PACKAGE_VERSION "1.0"
| #define PACKAGE_STRING "GNU C Runtime Library 1.0"
| #define PACKAGE_BUGREPORT ""
| #define PACKAGE_URL "http://www.gnu.org/software/libgcc/"
| /* end confdefs.h.  */
| #include <stdarg.h>
| #include <stdio.h>
| #include <sys/types.h>
| #include <sys/stat.h>
| /* Most of the following tests are stolen from RCS 5.7's src/conf.sh.  */
| struct buf { int x; };
| FILE * (*rcsopen) (struct buf *, struct stat *, int);
| static char *e (p, i)
|      char **p;
|      int i;
| {
|   return p[i];
| }
| static char *f (char * (*g) (char **, int), char **p, ...)
| {
|   char *s;
|   va_list v;
|   va_start (v,p);
|   s = g (p, va_arg (v,int));
|   va_end (v);
|   return s;
| }
| 
| /* OSF 4.0 Compaq cc is some sort of almost-ANSI by default.  It has
|    function prototypes and stuff, but not '\xHH' hex character constants.
|    These don't provoke an error unfortunately, instead are silently treated
|    as 'x'.  The following induces an error, until -std is added to get
|    proper ANSI mode.  Curiously '\x00'!='x' always comes out true, for an
|    array size at least.  It's necessary to write '\x00'==0 to get something
|    that's true only with -std.  */
| int osf4_cc_array ['\x00' == 0 ? 1 : -1];
| 
| /* IBM C 6 for AIX is almost-ANSI by default, but it replaces macro parameters
|    inside strings and character constants.  */
| #define FOO(x) 'x'
| int xlc6_cc_array[FOO(a) == 'x' ? 1 : -1];
| 
| int test (int i, double x);
| struct s1 {int (*f) (int a);};
| struct s2 {int (*f) (double a);};
| int pairnames (int, char **, FILE *(*)(struct buf *, struct stat *, int), int, int);
| int argc;
| char **argv;
| int
| main ()
| {
| return f (e, argv, 0) != argv[0]  ||  f (e, argv, 1) != argv[1];
|   ;
|   return 0;
| }
configure:3792:  /home/cpt/src/build-gcc/./gcc/xgcc -B/home/cpt/src/build-gcc/./gcc/ -B/home/cpt/opt/cross/i686-elf/bin/ -B/home/cpt/opt/cross/i686-elf/lib/ -isystem /home/cpt/opt/cross/i686-elf/include -isystem /home/cpt/opt/cross/i686-elf/sys-include    -Ae -c -g -O2  conftest.c >&5
<command-line>:0:1: error: missing '(' after predicate
conftest.c:10:19: fatal error: stdio.h: No such file or directory
compilation terminated.
configure:3792: $? = 1
configure: failed program was:
| /* confdefs.h */
| #define PACKAGE_NAME "GNU C Runtime Library"
| #define PACKAGE_TARNAME "libgcc"
| #define PACKAGE_VERSION "1.0"
| #define PACKAGE_STRING "GNU C Runtime Library 1.0"
| #define PACKAGE_BUGREPORT ""
| #define PACKAGE_URL "http://www.gnu.org/software/libgcc/"
| /* end confdefs.h.  */
| #include <stdarg.h>
| #include <stdio.h>
| #include <sys/types.h>
| #include <sys/stat.h>
| /* Most of the following tests are stolen from RCS 5.7's src/conf.sh.  */
| struct buf { int x; };
| FILE * (*rcsopen) (struct buf *, struct stat *, int);
| static char *e (p, i)
|      char **p;
|      int i;
| {
|   return p[i];
| }
| static char *f (char * (*g) (char **, int), char **p, ...)
| {
|   char *s;
|   va_list v;
|   va_start (v,p);
|   s = g (p, va_arg (v,int));
|   va_end (v);
|   return s;
| }
| 
| /* OSF 4.0 Compaq cc is some sort of almost-ANSI by default.  It has
|    function prototypes and stuff, but not '\xHH' hex character constants.
|    These don't provoke an error unfortunately, instead are silently treated
|    as 'x'.  The following induces an error, until -std is added to get
|    proper ANSI mode.  Curiously '\x00'!='x' always comes out true, for an
|    array size at least.  It's necessary to write '\x00'==0 to get something
|    that's true only with -std.  */
| int osf4_cc_array ['\x00' == 0 ? 1 : -1];
| 
| /* IBM C 6 for AIX is almost-ANSI by default, but it replaces macro parameters
|    inside strings and character constants.  */
| #define FOO(x) 'x'
| int xlc6_cc_array[FOO(a) == 'x' ? 1 : -1];
| 
| int test (int i, double x);
| struct s1 {int (*f) (int a);};
| struct s2 {int (*f) (double a);};
| int pairnames (int, char **, FILE *(*)(struct buf *, struct stat *, int), int, int);
| int argc;
| char **argv;
| int
| main ()
| {
| return f (e, argv, 0) != argv[0]  ||  f (e, argv, 1) != argv[1];
|   ;
|   return 0;
| }
configure:3792:  /home/cpt/src/build-gcc/./gcc/xgcc -B/home/cpt/src/build-gcc/./gcc/ -B/home/cpt/opt/cross/i686-elf/bin/ -B/home/cpt/opt/cross/i686-elf/lib/ -isystem /home/cpt/opt/cross/i686-elf/include -isystem /home/cpt/opt/cross/i686-elf/sys-include    -Aa -D_HPUX_SOURCE -c -g -O2  conftest.c >&5
<command-line>:0:1: error: missing '(' after predicate
conftest.c:10:19: fatal error: stdio.h: No such file or directory
compilation terminated.
configure:3792: $? = 1
configure: failed program was:
| /* confdefs.h */
| #define PACKAGE_NAME "GNU C Runtime Library"
| #define PACKAGE_TARNAME "libgcc"
| #define PACKAGE_VERSION "1.0"
| #define PACKAGE_STRING "GNU C Runtime Library 1.0"
| #define PACKAGE_BUGREPORT ""
| #define PACKAGE_URL "http://www.gnu.org/software/libgcc/"
| /* end confdefs.h.  */
| #include <stdarg.h>
| #include <stdio.h>
| #include <sys/types.h>
| #include <sys/stat.h>
| /* Most of the following tests are stolen from RCS 5.7's src/conf.sh.  */
| struct buf { int x; };
| FILE * (*rcsopen) (struct buf *, struct stat *, int);
| static char *e (p, i)
|      char **p;
|      int i;
| {
|   return p[i];
| }
| static char *f (char * (*g) (char **, int), char **p, ...)
| {
|   char *s;
|   va_list v;
|   va_start (v,p);
|   s = g (p, va_arg (v,int));
|   va_end (v);
|   return s;
| }
| 
| /* OSF 4.0 Compaq cc is some sort of almost-ANSI by default.  It has
|    function prototypes and stuff, but not '\xHH' hex character constants.
|    These don't provoke an error unfortunately, instead are silently treated
|    as 'x'.  The following induces an error, until -std is added to get
|    proper ANSI mode.  Curiously '\x00'!='x' always comes out true, for an
|    array size at least.  It's necessary to write '\x00'==0 to get something
|    that's true only with -std.  */
| int osf4_cc_array ['\x00' == 0 ? 1 : -1];
| 
| /* IBM C 6 for AIX is almost-ANSI by default, but it replaces macro parameters
|    inside strings and character constants.  */
| #define FOO(x) 'x'
| int xlc6_cc_array[FOO(a) == 'x' ? 1 : -1];
| 
| int test (int i, double x);
| struct s1 {int (*f) (int a);};
| struct s2 {int (*f) (double a);};
| int pairnames (int, char **, FILE *(*)(struct buf *, struct stat *, int), int, int);
| int argc;
| char **argv;
| int
| main ()
| {
| return f (e, argv, 0) != argv[0]  ||  f (e, argv, 1) != argv[1];
|   ;
|   return 0;
| }
configure:3792:  /home/cpt/src/build-gcc/./gcc/xgcc -B/home/cpt/src/build-gcc/./gcc/ -B/home/cpt/opt/cross/i686-elf/bin/ -B/home/cpt/opt/cross/i686-elf/lib/ -isystem /home/cpt/opt/cross/i686-elf/include -isystem /home/cpt/opt/cross/i686-elf/sys-include    -Xc -D__EXTENSIONS__ -c -g -O2  conftest.c >&5
xgcc: error: unrecognized command line option '-Xc'
configure:3792: $? = 1
configure: failed program was:
| /* confdefs.h */
| #define PACKAGE_NAME "GNU C Runtime Library"
| #define PACKAGE_TARNAME "libgcc"
| #define PACKAGE_VERSION "1.0"
| #define PACKAGE_STRING "GNU C Runtime Library 1.0"
| #define PACKAGE_BUGREPORT ""
| #define PACKAGE_URL "http://www.gnu.org/software/libgcc/"
| /* end confdefs.h.  */
| #include <stdarg.h>
| #include <stdio.h>
| #include <sys/types.h>
| #include <sys/stat.h>
| /* Most of the following tests are stolen from RCS 5.7's src/conf.sh.  */
| struct buf { int x; };
| FILE * (*rcsopen) (struct buf *, struct stat *, int);
| static char *e (p, i)
|      char **p;
|      int i;
| {
|   return p[i];
| }
| static char *f (char * (*g) (char **, int), char **p, ...)
| {
|   char *s;
|   va_list v;
|   va_start (v,p);
|   s = g (p, va_arg (v,int));
|   va_end (v);
|   return s;
| }
| 
| /* OSF 4.0 Compaq cc is some sort of almost-ANSI by default.  It has
|    function prototypes and stuff, but not '\xHH' hex character constants.
|    These don't provoke an error unfortunately, instead are silently treated
|    as 'x'.  The following induces an error, until -std is added to get
|    proper ANSI mode.  Curiously '\x00'!='x' always comes out true, for an
|    array size at least.  It's necessary to write '\x00'==0 to get something
|    that's true only with -std.  */
| int osf4_cc_array ['\x00' == 0 ? 1 : -1];
| 
| /* IBM C 6 for AIX is almost-ANSI by default, but it replaces macro parameters
|    inside strings and character constants.  */
| #define FOO(x) 'x'
| int xlc6_cc_array[FOO(a) == 'x' ? 1 : -1];
| 
| int test (int i, double x);
| struct s1 {int (*f) (int a);};
| struct s2 {int (*f) (double a);};
| int pairnames (int, char **, FILE *(*)(struct buf *, struct stat *, int), int, int);
| int argc;
| char **argv;
| int
| main ()
| {
| return f (e, argv, 0) != argv[0]  ||  f (e, argv, 1) != argv[1];
|   ;
|   return 0;
| }
configure:3808: result: unsupported
configure:3830: checking how to run the C preprocessor
configure:3861:  /home/cpt/src/build-gcc/./gcc/xgcc -B/home/cpt/src/build-gcc/./gcc/ -B/home/cpt/opt/cross/i686-elf/bin/ -B/home/cpt/opt/cross/i686-elf/lib/ -isystem /home/cpt/opt/cross/i686-elf/include -isystem /home/cpt/opt/cross/i686-elf/sys-include    -E  conftest.c
configure:3861: $? = 0
configure:3875:  /home/cpt/src/build-gcc/./gcc/xgcc -B/home/cpt/src/build-gcc/./gcc/ -B/home/cpt/opt/cross/i686-elf/bin/ -B/home/cpt/opt/cross/i686-elf/lib/ -isystem /home/cpt/opt/cross/i686-elf/include -isystem /home/cpt/opt/cross/i686-elf/sys-include    -E  conftest.c
conftest.c:9:28: fatal error: ac_nonexistent.h: No such file or directory
compilation terminated.
configure:3875: $? = 1
configure: failed program was:
| /* confdefs.h */
| #define PACKAGE_NAME "GNU C Runtime Library"
| #define PACKAGE_TARNAME "libgcc"
| #define PACKAGE_VERSION "1.0"
| #define PACKAGE_STRING "GNU C Runtime Library 1.0"
| #define PACKAGE_BUGREPORT ""
| #define PACKAGE_URL "http://www.gnu.org/software/libgcc/"
| /* end confdefs.h.  */
| #include <ac_nonexistent.h>
configure:3900: result:  /home/cpt/src/build-gcc/./gcc/xgcc -B/home/cpt/src/build-gcc/./gcc/ -B/home/cpt/opt/cross/i686-elf/bin/ -B/home/cpt/opt/cross/i686-elf/lib/ -isystem /home/cpt/opt/cross/i686-elf/include -isystem /home/cpt/opt/cross/i686-elf/sys-include    -E
configure:3920:  /home/cpt/src/build-gcc/./gcc/xgcc -B/home/cpt/src/build-gcc/./gcc/ -B/home/cpt/opt/cross/i686-elf/bin/ -B/home/cpt/opt/cross/i686-elf/lib/ -isystem /home/cpt/opt/cross/i686-elf/include -isystem /home/cpt/opt/cross/i686-elf/sys-include    -E  conftest.c
configure:3920: $? = 0
configure:3934:  /home/cpt/src/build-gcc/./gcc/xgcc -B/home/cpt/src/build-gcc/./gcc/ -B/home/cpt/opt/cross/i686-elf/bin/ -B/home/cpt/opt/cross/i686-elf/lib/ -isystem /home/cpt/opt/cross/i686-elf/include -isystem /home/cpt/opt/cross/i686-elf/sys-include    -E  conftest.c
conftest.c:9:28: fatal error: ac_nonexistent.h: No such file or directory
compilation terminated.
configure:3934: $? = 1
configure: failed program was:
| /* confdefs.h */
| #define PACKAGE_NAME "GNU C Runtime Library"
| #define PACKAGE_TARNAME "libgcc"
| #define PACKAGE_VERSION "1.0"
| #define PACKAGE_STRING "GNU C Runtime Library 1.0"
| #define PACKAGE_BUGREPORT ""
| #define PACKAGE_URL "http://www.gnu.org/software/libgcc/"
| /* end confdefs.h.  */
| #include <ac_nonexistent.h>
configure:3971: checking size of double
configure:3976:  /home/cpt/src/build-gcc/./gcc/xgcc -B/home/cpt/src/build-gcc/./gcc/ -B/home/cpt/opt/cross/i686-elf/bin/ -B/home/cpt/opt/cross/i686-elf/lib/ -isystem /home/cpt/opt/cross/i686-elf/include -isystem /home/cpt/opt/cross/i686-elf/sys-include    -c -g -O2  conftest.c >&5
configure:3976: $? = 0
configure:3976:  /home/cpt/src/build-gcc/./gcc/xgcc -B/home/cpt/src/build-gcc/./gcc/ -B/home/cpt/opt/cross/i686-elf/bin/ -B/home/cpt/opt/cross/i686-elf/lib/ -isystem /home/cpt/opt/cross/i686-elf/include -isystem /home/cpt/opt/cross/i686-elf/sys-include    -c -g -O2  conftest.c >&5
conftest.c: In function 'main':
conftest.c:13:12: error: size of array 'test_array' is negative
configure:3976: $? = 1
configure: failed program was:
| /* confdefs.h */
| #define PACKAGE_NAME "GNU C Runtime Library"
| #define PACKAGE_TARNAME "libgcc"
| #define PACKAGE_VERSION "1.0"
| #define PACKAGE_STRING "GNU C Runtime Library 1.0"
| #define PACKAGE_BUGREPORT ""
| #define PACKAGE_URL "http://www.gnu.org/software/libgcc/"
| /* end confdefs.h.  */
| /* none */
| int
| main ()
| {
| static int test_array [1 - 2 * !(((long int) (sizeof (double))) <= 0)];
| test_array [0] = 0
| 
|   ;
|   return 0;
| }
configure:3976:  /home/cpt/src/build-gcc/./gcc/xgcc -B/home/cpt/src/build-gcc/./gcc/ -B/home/cpt/opt/cross/i686-elf/bin/ -B/home/cpt/opt/cross/i686-elf/lib/ -isystem /home/cpt/opt/cross/i686-elf/include -isystem /home/cpt/opt/cross/i686-elf/sys-include    -c -g -O2  conftest.c >&5
conftest.c: In function 'main':
conftest.c:13:12: error: size of array 'test_array' is negative
configure:3976: $? = 1
configure: failed program was:
| /* confdefs.h */
| #define PACKAGE_NAME "GNU C Runtime Library"
| #define PACKAGE_TARNAME "libgcc"
| #define PACKAGE_VERSION "1.0"
| #define PACKAGE_STRING "GNU C Runtime Library 1.0"
| #define PACKAGE_BUGREPORT ""
| #define PACKAGE_URL "http://www.gnu.org/software/libgcc/"
| /* end confdefs.h.  */
| /* none */
| int
| main ()
| {
| static int test_array [1 - 2 * !(((long int) (sizeof (double))) <= 1)];
| test_array [0] = 0
| 
|   ;
|   return 0;
| }
configure:3976:  /home/cpt/src/build-gcc/./gcc/xgcc -B/home/cpt/src/build-gcc/./gcc/ -B/home/cpt/opt/cross/i686-elf/bin/ -B/home/cpt/opt/cross/i686-elf/lib/ -isystem /home/cpt/opt/cross/i686-elf/include -isystem /home/cpt/opt/cross/i686-elf/sys-include    -c -g -O2  conftest.c >&5
conftest.c: In function 'main':
conftest.c:13:12: error: size of array 'test_array' is negative
configure:3976: $? = 1
configure: failed program was:
| /* confdefs.h */
| #define PACKAGE_NAME "GNU C Runtime Library"
| #define PACKAGE_TARNAME "libgcc"
| #define PACKAGE_VERSION "1.0"
| #define PACKAGE_STRING "GNU C Runtime Library 1.0"
| #define PACKAGE_BUGREPORT ""
| #define PACKAGE_URL "http://www.gnu.org/software/libgcc/"
| /* end confdefs.h.  */
| /* none */
| int
| main ()
| {
| static int test_array [1 - 2 * !(((long int) (sizeof (double))) <= 3)];
| test_array [0] = 0
| 
|   ;
|   return 0;
| }
configure:3976:  /home/cpt/src/build-gcc/./gcc/xgcc -B/home/cpt/src/build-gcc/./gcc/ -B/home/cpt/opt/cross/i686-elf/bin/ -B/home/cpt/opt/cross/i686-elf/lib/ -isystem /home/cpt/opt/cross/i686-elf/include -isystem /home/cpt/opt/cross/i686-elf/sys-include    -c -g -O2  conftest.c >&5
conftest.c: In function 'main':
conftest.c:13:12: error: size of array 'test_array' is negative
configure:3976: $? = 1
configure: failed program was:
| /* confdefs.h */
| #define PACKAGE_NAME "GNU C Runtime Library"
| #define PACKAGE_TARNAME "libgcc"
| #define PACKAGE_VERSION "1.0"
| #define PACKAGE_STRING "GNU C Runtime Library 1.0"
| #define PACKAGE_BUGREPORT ""
| #define PACKAGE_URL "http://www.gnu.org/software/libgcc/"
| /* end confdefs.h.  */
| /* none */
| int
| main ()
| {
| static int test_array [1 - 2 * !(((long int) (sizeof (double))) <= 7)];
| test_array [0] = 0
| 
|   ;
|   return 0;
| }
configure:3976:  /home/cpt/src/build-gcc/./gcc/xgcc -B/home/cpt/src/build-gcc/./gcc/ -B/home/cpt/opt/cross/i686-elf/bin/ -B/home/cpt/opt/cross/i686-elf/lib/ -isystem /home/cpt/opt/cross/i686-elf/include -isystem /home/cpt/opt/cross/i686-elf/sys-include    -c -g -O2  conftest.c >&5
configure:3976: $? = 0
configure:3976:  /home/cpt/src/build-gcc/./gcc/xgcc -B/home/cpt/src/build-gcc/./gcc/ -B/home/cpt/opt/cross/i686-elf/bin/ -B/home/cpt/opt/cross/i686-elf/lib/ -isystem /home/cpt/opt/cross/i686-elf/include -isystem /home/cpt/opt/cross/i686-elf/sys-include    -c -g -O2  conftest.c >&5
configure:3976: $? = 0
configure:3976:  /home/cpt/src/build-gcc/./gcc/xgcc -B/home/cpt/src/build-gcc/./gcc/ -B/home/cpt/opt/cross/i686-elf/bin/ -B/home/cpt/opt/cross/i686-elf/lib/ -isystem /home/cpt/opt/cross/i686-elf/include -isystem /home/cpt/opt/cross/i686-elf/sys-include    -c -g -O2  conftest.c >&5
configure:3976: $? = 0
configure:3976:  /home/cpt/src/build-gcc/./gcc/xgcc -B/home/cpt/src/build-gcc/./gcc/ -B/home/cpt/opt/cross/i686-elf/bin/ -B/home/cpt/opt/cross/i686-elf/lib/ -isystem /home/cpt/opt/cross/i686-elf/include -isystem /home/cpt/opt/cross/i686-elf/sys-include    -c -g -O2  conftest.c >&5
configure:3976: $? = 0
configure:3991: result: 8
configure:4005: checking size of long double
configure:4010:  /home/cpt/src/build-gcc/./gcc/xgcc -B/home/cpt/src/build-gcc/./gcc/ -B/home/cpt/opt/cross/i686-elf/bin/ -B/home/cpt/opt/cross/i686-elf/lib/ -isystem /home/cpt/opt/cross/i686-elf/include -isystem /home/cpt/opt/cross/i686-elf/sys-include    -c -g -O2  conftest.c >&5
configure:4010: $? = 0
configure:4010:  /home/cpt/src/build-gcc/./gcc/xgcc -B/home/cpt/src/build-gcc/./gcc/ -B/home/cpt/opt/cross/i686-elf/bin/ -B/home/cpt/opt/cross/i686-elf/lib/ -isystem /home/cpt/opt/cross/i686-elf/include -isystem /home/cpt/opt/cross/i686-elf/sys-include    -c -g -O2  conftest.c >&5
conftest.c: In function 'main':
conftest.c:14:12: error: size of array 'test_array' is negative
configure:4010: $? = 1
configure: failed program was:
| /* confdefs.h */
| #define PACKAGE_NAME "GNU C Runtime Library"
| #define PACKAGE_TARNAME "libgcc"
| #define PACKAGE_VERSION "1.0"
| #define PACKAGE_STRING "GNU C Runtime Library 1.0"
| #define PACKAGE_BUGREPORT ""
| #define PACKAGE_URL "http://www.gnu.org/software/libgcc/"
| #define SIZEOF_DOUBLE 8
| /* end confdefs.h.  */
| /* none */
| int
| main ()
| {
| static int test_array [1 - 2 * !(((long int) (sizeof (long double))) <= 0)];
| test_array [0] = 0
| 
|   ;
|   return 0;
| }
configure:4010:  /home/cpt/src/build-gcc/./gcc/xgcc -B/home/cpt/src/build-gcc/./gcc/ -B/home/cpt/opt/cross/i686-elf/bin/ -B/home/cpt/opt/cross/i686-elf/lib/ -isystem /home/cpt/opt/cross/i686-elf/include -isystem /home/cpt/opt/cross/i686-elf/sys-include    -c -g -O2  conftest.c >&5
conftest.c: In function 'main':
conftest.c:14:12: error: size of array 'test_array' is negative
configure:4010: $? = 1
configure: failed program was:
| /* confdefs.h */
| #define PACKAGE_NAME "GNU C Runtime Library"
| #define PACKAGE_TARNAME "libgcc"
| #define PACKAGE_VERSION "1.0"
| #define PACKAGE_STRING "GNU C Runtime Library 1.0"
| #define PACKAGE_BUGREPORT ""
| #define PACKAGE_URL "http://www.gnu.org/software/libgcc/"
| #define SIZEOF_DOUBLE 8
| /* end confdefs.h.  */
| /* none */
| int
| main ()
| {
| static int test_array [1 - 2 * !(((long int) (sizeof (long double))) <= 1)];
| test_array [0] = 0
| 
|   ;
|   return 0;
| }
configure:4010:  /home/cpt/src/build-gcc/./gcc/xgcc -B/home/cpt/src/build-gcc/./gcc/ -B/home/cpt/opt/cross/i686-elf/bin/ -B/home/cpt/opt/cross/i686-elf/lib/ -isystem /home/cpt/opt/cross/i686-elf/include -isystem /home/cpt/opt/cross/i686-elf/sys-include    -c -g -O2  conftest.c >&5
conftest.c: In function 'main':
conftest.c:14:12: error: size of array 'test_array' is negative
configure:4010: $? = 1
configure: failed program was:
| /* confdefs.h */
| #define PACKAGE_NAME "GNU C Runtime Library"
| #define PACKAGE_TARNAME "libgcc"
| #define PACKAGE_VERSION "1.0"
| #define PACKAGE_STRING "GNU C Runtime Library 1.0"
| #define PACKAGE_BUGREPORT ""
| #define PACKAGE_URL "http://www.gnu.org/software/libgcc/"
| #define SIZEOF_DOUBLE 8
| /* end confdefs.h.  */
| /* none */
| int
| main ()
| {
| static int test_array [1 - 2 * !(((long int) (sizeof (long double))) <= 3)];
| test_array [0] = 0
| 
|   ;
|   return 0;
| }
configure:4010:  /home/cpt/src/build-gcc/./gcc/xgcc -B/home/cpt/src/build-gcc/./gcc/ -B/home/cpt/opt/cross/i686-elf/bin/ -B/home/cpt/opt/cross/i686-elf/lib/ -isystem /home/cpt/opt/cross/i686-elf/include -isystem /home/cpt/opt/cross/i686-elf/sys-include    -c -g -O2  conftest.c >&5
conftest.c: In function 'main':
conftest.c:14:12: error: size of array 'test_array' is negative
configure:4010: $? = 1
configure: failed program was:
| /* confdefs.h */
| #define PACKAGE_NAME "GNU C Runtime Library"
| #define PACKAGE_TARNAME "libgcc"
| #define PACKAGE_VERSION "1.0"
| #define PACKAGE_STRING "GNU C Runtime Library 1.0"
| #define PACKAGE_BUGREPORT ""
| #define PACKAGE_URL "http://www.gnu.org/software/libgcc/"
| #define SIZEOF_DOUBLE 8
| /* end confdefs.h.  */
| /* none */
| int
| main ()
| {
| static int test_array [1 - 2 * !(((long int) (sizeof (long double))) <= 7)];
| test_array [0] = 0
| 
|   ;
|   return 0;
| }
configure:4010:  /home/cpt/src/build-gcc/./gcc/xgcc -B/home/cpt/src/build-gcc/./gcc/ -B/home/cpt/opt/cross/i686-elf/bin/ -B/home/cpt/opt/cross/i686-elf/lib/ -isystem /home/cpt/opt/cross/i686-elf/include -isystem /home/cpt/opt/cross/i686-elf/sys-include    -c -g -O2  conftest.c >&5
configure:4010: $? = 0
configure:4010:  /home/cpt/src/build-gcc/./gcc/xgcc -B/home/cpt/src/build-gcc/./gcc/ -B/home/cpt/opt/cross/i686-elf/bin/ -B/home/cpt/opt/cross/i686-elf/lib/ -isystem /home/cpt/opt/cross/i686-elf/include -isystem /home/cpt/opt/cross/i686-elf/sys-include    -c -g -O2  conftest.c >&5
conftest.c: In function 'main':
conftest.c:14:12: error: size of array 'test_array' is negative
configure:4010: $? = 1
configure: failed program was:
| /* confdefs.h */
| #define PACKAGE_NAME "GNU C Runtime Library"
| #define PACKAGE_TARNAME "libgcc"
| #define PACKAGE_VERSION "1.0"
| #define PACKAGE_STRING "GNU C Runtime Library 1.0"
| #define PACKAGE_BUGREPORT ""
| #define PACKAGE_URL "http://www.gnu.org/software/libgcc/"
| #define SIZEOF_DOUBLE 8
| /* end confdefs.h.  */
| /* none */
| int
| main ()
| {
| static int test_array [1 - 2 * !(((long int) (sizeof (long double))) <= 11)];
| test_array [0] = 0
| 
|   ;
|   return 0;
| }
configure:4010:  /home/cpt/src/build-gcc/./gcc/xgcc -B/home/cpt/src/build-gcc/./gcc/ -B/home/cpt/opt/cross/i686-elf/bin/ -B/home/cpt/opt/cross/i686-elf/lib/ -isystem /home/cpt/opt/cross/i686-elf/include -isystem /home/cpt/opt/cross/i686-elf/sys-include    -c -g -O2  conftest.c >&5
configure:4010: $? = 0
configure:4010:  /home/cpt/src/build-gcc/./gcc/xgcc -B/home/cpt/src/build-gcc/./gcc/ -B/home/cpt/opt/cross/i686-elf/bin/ -B/home/cpt/opt/cross/i686-elf/lib/ -isystem /home/cpt/opt/cross/i686-elf/include -isystem /home/cpt/opt/cross/i686-elf/sys-include    -c -g -O2  conftest.c >&5
configure:4010: $? = 0
configure:4025: result: 12
configure:4041: checking whether decimal floating point is supported
configure:4050:  /home/cpt/src/build-gcc/./gcc/xgcc -B/home/cpt/src/build-gcc/./gcc/ -B/home/cpt/opt/cross/i686-elf/bin/ -B/home/cpt/opt/cross/i686-elf/lib/ -isystem /home/cpt/opt/cross/i686-elf/include -isystem /home/cpt/opt/cross/i686-elf/sys-include    -c -g -O2  conftest.c >&5
conftest.c:11:1: error: decimal floating point not supported for this target
configure:4050: $? = 1
configure: failed program was:
| /* confdefs.h */
| #define PACKAGE_NAME "GNU C Runtime Library"
| #define PACKAGE_TARNAME "libgcc"
| #define PACKAGE_VERSION "1.0"
| #define PACKAGE_STRING "GNU C Runtime Library 1.0"
| #define PACKAGE_BUGREPORT ""
| #define PACKAGE_URL "http://www.gnu.org/software/libgcc/"
| #define SIZEOF_DOUBLE 8
| #define SIZEOF_LONG_DOUBLE 12
| /* end confdefs.h.  */
| _Decimal32 x;
configure:4057: result: no
configure:4081: WARNING: decimal float is not supported for this target, ignored
configure:4114: checking whether fixed-point is supported
configure:4123:  /home/cpt/src/build-gcc/./gcc/xgcc -B/home/cpt/src/build-gcc/./gcc/ -B/home/cpt/opt/cross/i686-elf/bin/ -B/home/cpt/opt/cross/i686-elf/lib/ -isystem /home/cpt/opt/cross/i686-elf/include -isystem /home/cpt/opt/cross/i686-elf/sys-include    -c -g -O2  conftest.c >&5
conftest.c:11:6: error: fixed-point types not supported for this target
configure:4123: $? = 1
configure: failed program was:
| /* confdefs.h */
| #define PACKAGE_NAME "GNU C Runtime Library"
| #define PACKAGE_TARNAME "libgcc"
| #define PACKAGE_VERSION "1.0"
| #define PACKAGE_STRING "GNU C Runtime Library 1.0"
| #define PACKAGE_BUGREPORT ""
| #define PACKAGE_URL "http://www.gnu.org/software/libgcc/"
| #define SIZEOF_DOUBLE 8
| #define SIZEOF_LONG_DOUBLE 12
| /* end confdefs.h.  */
| _Sat _Fract x;
configure:4130: result: no
configure:4190: checking whether to use setjmp/longjmp exceptions
configure::  /home/cpt/src/build-gcc/./gcc/xgcc -B/home/cpt/src/build-gcc/./gcc/ -B/home/cpt/opt/cross/i686-elf/bin/ -B/home/cpt/opt/cross/i686-elf/lib/ -isystem /home/cpt/opt/cross/i686-elf/include -isystem /home/cpt/opt/cross/i686-elf/sys-include    -c --save-temps -fexceptions  conftest.c >&5
configure:: $? = 0
configure:4221: result: no
configure:4241: checking if the linker (/home/cpt/src/build-gcc/./gcc/collect-ld) is GNU ld
GNU ld (GNU Binutils) 2.23.1
configure:4253: result: yes
configure:4258: checking for thread model used by GCC
configure:4261: result: single
configure:4265: checking whether assembler supports CFI directives
configure:4278:  /home/cpt/src/build-gcc/./gcc/xgcc -B/home/cpt/src/build-gcc/./gcc/ -B/home/cpt/opt/cross/i686-elf/bin/ -B/home/cpt/opt/cross/i686-elf/lib/ -isystem /home/cpt/opt/cross/i686-elf/include -isystem /home/cpt/opt/cross/i686-elf/sys-include    -c -g -O2  conftest.c >&5
configure:4278: $? = 0
configure:4285: result: yes
configure:4327: checking for __attribute__((visibility("hidden")))
configure:4336:  /home/cpt/src/build-gcc/./gcc/xgcc -B/home/cpt/src/build-gcc/./gcc/ -B/home/cpt/opt/cross/i686-elf/bin/ -B/home/cpt/opt/cross/i686-elf/lib/ -isystem /home/cpt/opt/cross/i686-elf/include -isystem /home/cpt/opt/cross/i686-elf/sys-include    -Werror -S conftest.c -o conftest.s 1>&5
configure:4339: $? = 0
configure:4348: result: yes
configure:4376: checking whether the target assembler supports thread-local storage
configure:4386:  /home/cpt/src/build-gcc/./gcc/xgcc -B/home/cpt/src/build-gcc/./gcc/ -B/home/cpt/opt/cross/i686-elf/bin/ -B/home/cpt/opt/cross/i686-elf/lib/ -isystem /home/cpt/opt/cross/i686-elf/include -isystem /home/cpt/opt/cross/i686-elf/sys-include    -c -g -O2  conftest.c >&5
configure:4386: $? = 0
configure:4394: result: yes
configure:4404: checking whether the thread-local storage support is from emutls
configure:4413:  /home/cpt/src/build-gcc/./gcc/xgcc -B/home/cpt/src/build-gcc/./gcc/ -B/home/cpt/opt/cross/i686-elf/bin/ -B/home/cpt/opt/cross/i686-elf/lib/ -isystem /home/cpt/opt/cross/i686-elf/include -isystem /home/cpt/opt/cross/i686-elf/sys-include    -Werror -S -o conftest.s conftest.c 1>&5
configure:4416: $? = 0
configure:4425: result: no
configure:4570: updating cache ./config.cache
configure:4643: creating ./config.status

## ---------------------- ##
## Running config.status. ##
## ---------------------- ##

This file was extended by GNU C Runtime Library config.status 1.0, which was
generated by GNU Autoconf 2.64.  Invocation command line was

  CONFIG_FILES    = 
  CONFIG_HEADERS  = 
  CONFIG_LINKS    = 
  CONFIG_COMMANDS = 
  $ ./config.status 

on a1rforce

config.status:800: creating Makefile
config.status:962: linking ../../../gcc-4.7.2/libgcc/enable-execute-stack-empty.c to enable-execute-stack.c
config.status:962: linking ../../../gcc-4.7.2/libgcc/unwind-generic.h to unwind.h
config.status:962: linking ../../../gcc-4.7.2/libgcc/config/no-unwind.h to md-unwind-support.h
config.status:962: linking ../../../gcc-4.7.2/libgcc/config/i386/sfp-machine.h to sfp-machine.h
config.status:962: linking ../../../gcc-4.7.2/libgcc/gthr-single.h to gthr-default.h
config.status:981: executing default commands

## ---------------- ##
## Cache variables. ##
## ---------------- ##

ac_cv_build=x86_64-unknown-linux-gnu
ac_cv_c_compiler_gnu=yes
ac_cv_env_CC_set=set
ac_cv_env_CC_value=' /home/cpt/src/build-gcc/./gcc/xgcc -B/home/cpt/src/build-gcc/./gcc/ -B/home/cpt/opt/cross/i686-elf/bin/ -B/home/cpt/opt/cross/i686-elf/lib/ -isystem /home/cpt/opt/cross/i686-elf/include -isystem /home/cpt/opt/cross/i686-elf/sys-include   '
ac_cv_env_CFLAGS_set=set
ac_cv_env_CFLAGS_value='-g -O2'
ac_cv_env_CPPFLAGS_set=set
ac_cv_env_CPPFLAGS_value=
ac_cv_env_CPP_set=
ac_cv_env_CPP_value=
ac_cv_env_LDFLAGS_set=set
ac_cv_env_LDFLAGS_value=
ac_cv_env_LIBS_set=
ac_cv_env_LIBS_value=
ac_cv_env_build_alias_set=set
ac_cv_env_build_alias_value=x86_64-unknown-linux-gnu
ac_cv_env_host_alias_set=set
ac_cv_env_host_alias_value=i686-elf
ac_cv_env_target_alias_set=set
ac_cv_env_target_alias_value=i686-elf
ac_cv_host=i686-pc-elf
ac_cv_objext=o
ac_cv_path_install='/usr/bin/install -c'
ac_cv_prog_AR=/home/cpt/opt/cross/i686-elf/bin/ar
ac_cv_prog_AWK=gawk
ac_cv_prog_CC=' /home/cpt/src/build-gcc/./gcc/xgcc -B/home/cpt/src/build-gcc/./gcc/ -B/home/cpt/opt/cross/i686-elf/bin/ -B/home/cpt/opt/cross/i686-elf/lib/ -isystem /home/cpt/opt/cross/i686-elf/include -isystem /home/cpt/opt/cross/i686-elf/sys-include   '
ac_cv_prog_CPP=' /home/cpt/src/build-gcc/./gcc/xgcc -B/home/cpt/src/build-gcc/./gcc/ -B/home/cpt/opt/cross/i686-elf/bin/ -B/home/cpt/opt/cross/i686-elf/lib/ -isystem /home/cpt/opt/cross/i686-elf/include -isystem /home/cpt/opt/cross/i686-elf/sys-include    -E'
ac_cv_prog_LIPO=i686-elf-lipo
ac_cv_prog_NM=/home/cpt/src/build-gcc/./gcc/nm
ac_cv_prog_RANLIB=/home/cpt/opt/cross/i686-elf/bin/ranlib
ac_cv_prog_STRIP=/home/cpt/opt/cross/i686-elf/bin/strip
ac_cv_prog_cc_c89=no
ac_cv_prog_cc_g=yes
ac_cv_sizeof_double=8
ac_cv_sizeof_long_double=12
acl_cv_prog_gnu_ld=yes
gcc_cv_have_cc_tls=yes
gcc_cv_use_emutls=no
libgcc_cv_cfi=yes
libgcc_cv_dfp=no
libgcc_cv_fixed_point=no
libgcc_cv_hidden_visibility_attribute=yes
libgcc_cv_lib_sjlj_exceptions=no

## ----------------- ##
## Output variables. ##
## ----------------- ##

AR='/home/cpt/opt/cross/i686-elf/bin/ar'
AWK='gawk'
CC=' /home/cpt/src/build-gcc/./gcc/xgcc -B/home/cpt/src/build-gcc/./gcc/ -B/home/cpt/opt/cross/i686-elf/bin/ -B/home/cpt/opt/cross/i686-elf/lib/ -isystem /home/cpt/opt/cross/i686-elf/include -isystem /home/cpt/opt/cross/i686-elf/sys-include   '
CFLAGS='-g -O2'
CPP=' /home/cpt/src/build-gcc/./gcc/xgcc -B/home/cpt/src/build-gcc/./gcc/ -B/home/cpt/opt/cross/i686-elf/bin/ -B/home/cpt/opt/cross/i686-elf/lib/ -isystem /home/cpt/opt/cross/i686-elf/include -isystem /home/cpt/opt/cross/i686-elf/sys-include    -E'
CPPFLAGS=''
DEFS='-DPACKAGE_NAME=\"GNU\ C\ Runtime\ Library\" -DPACKAGE_TARNAME=\"libgcc\" -DPACKAGE_VERSION=\"1.0\" -DPACKAGE_STRING=\"GNU\ C\ Runtime\ Library\ 1.0\" -DPACKAGE_BUGREPORT=\"\" -DPACKAGE_URL=\"http://www.gnu.org/software/libgcc/\" -DSIZEOF_DOUBLE=8 -DSIZEOF_LONG_DOUBLE=12 -DHAVE_GETIPINFO=1'
ECHO_C=''
ECHO_N='-n'
ECHO_T=''
EXEEXT=''
INSTALL_DATA='${INSTALL} -m 644'
INSTALL_PROGRAM='${INSTALL}'
INSTALL_SCRIPT='${INSTALL}'
LDFLAGS=''
LIBOBJS=''
LIBS=''
LIPO='i686-elf-lipo'
LN_S='ln -s'
LTLIBOBJS=''
MAINT='#'
NM='/home/cpt/src/build-gcc/./gcc/nm'
OBJEXT='o'
PACKAGE_BUGREPORT=''
PACKAGE_NAME='GNU C Runtime Library'
PACKAGE_STRING='GNU C Runtime Library 1.0'
PACKAGE_TARNAME='libgcc'
PACKAGE_URL='http://www.gnu.org/software/libgcc/'
PACKAGE_VERSION='1.0'
PATH_SEPARATOR=':'
PICFLAG='-fpic'
RANLIB='/home/cpt/opt/cross/i686-elf/bin/ranlib'
SHELL='/bin/bash'
STRIP='/home/cpt/opt/cross/i686-elf/bin/strip'
ac_ct_CC=''
asm_hidden_op='.hidden'
bindir='${exec_prefix}/bin'
build='x86_64-unknown-linux-gnu'
build_alias='x86_64-unknown-linux-gnu'
build_cpu='x86_64'
build_libsubdir='build-x86_64-unknown-linux-gnu'
build_os='linux-gnu'
build_subdir='build-x86_64-unknown-linux-gnu'
build_vendor='unknown'
cpu_type='i386'
datadir='${datarootdir}'
datarootdir='${prefix}/share'
decimal_float='no'
docdir='${datarootdir}/doc/${PACKAGE_TARNAME}'
double_type_size='64'
dvidir='${docdir}'
enable_decimal_float='no'
enable_shared='yes'
exec_prefix='${prefix}'
extra_parts='crtbegin.o crtend.o'
fixed_point='no'
host='i686-pc-elf'
host_alias='i686-elf'
host_cpu='i686'
host_noncanonical='i686-elf'
host_os='elf'
host_subdir='.'
host_vendor='pc'
htmldir='${docdir}'
includedir='${prefix}/include'
infodir='${datarootdir}/info'
libdir='${exec_prefix}/lib'
libexecdir='${exec_prefix}/libexec'
libgcc_topdir='../../../gcc-4.7.2/libgcc/..'
localedir='${datarootdir}/locale'
localstatedir='${prefix}/var'
long_double_type_size='96'
mandir='${datarootdir}/man'
oldincludedir='/usr/include'
pdfdir='${docdir}'
prefix='/home/cpt/opt/cross'
program_transform_name='s&^&i686-elf-&'
psdir='${docdir}'
sbindir='${exec_prefix}/sbin'
set_have_cc_tls='-DHAVE_CC_TLS'
set_use_emutls=''
sfp_machine_header='i386/sfp-machine.h'
sharedstatedir='${prefix}/com'
slibdir='$(exec_prefix)/$(host_noncanonical)/lib'
sysconfdir='${prefix}/etc'
target_alias='i686-elf'
target_noncanonical='i686-elf'
target_subdir='i686-elf'
tm_defines=''
tm_file=''
tmake_file=' $(srcdir)/config/i386/t-crtstuff $(srcdir)/config/t-crtstuff-pic $(srcdir)/config/t-libgcc-pic'
toolexecdir='$(exec_prefix)/$(target_noncanonical)'
toolexeclibdir='$(toolexecdir)/lib'
vis_hide='-fvisibility=hidden -DHIDE_EXPORTS'

## ----------- ##
## confdefs.h. ##
## ----------- ##

/* confdefs.h */
#define PACKAGE_NAME "GNU C Runtime Library"
#define PACKAGE_TARNAME "libgcc"
#define PACKAGE_VERSION "1.0"
#define PACKAGE_STRING "GNU C Runtime Library 1.0"
#define PACKAGE_BUGREPORT ""
#define PACKAGE_URL "http://www.gnu.org/software/libgcc/"
#define SIZEOF_DOUBLE 8
#define SIZEOF_LONG_DOUBLE 12
#define HAVE_GETIPINFO 1

configure: exit 0
